<?xml version="1.0" encoding="utf-8"?><testsuites name="pytest tests"><testsuite name="pytest" errors="0" failures="0" skipped="0" tests="11" time="3.996" timestamp="2026-09-19T16:06:18.565225+00:00" hostname="agent-env-9d3d2114-8fe9-41cb-a499-8d1917a9d09a"><testcase classname="tests.test_blog_seo_new_posts" name="test_how_we_test_leggings" time="0.766" /><testcase classname="tests.test_blog_seo_new_posts" name="test_squat_proof_vs_see_through" time="0.165" /><testcase classname="tests.test_blog_seo_new_posts" name="test_high_waisted_vs_mid_rise" time="0.165" /><testcase classname="tests.test_blog_seo_new_posts" name="test_do_tummy_control_leggings_really_work" time="0.151" /><testcase classname="tests.test_blog_seo_new_posts" name="test_how_to_measure_yourself_at_home" time="0.152" /><testcase classname="tests.test_blog_seo_new_posts" name="test_all_titles_and_h1s_unique" time="1.420" /><testcase classname="tests.test_blog_seo_new_posts" name="test_blog_index_lists_all_eight" time="0.144" /><testcase classname="tests.test_blog_seo_new_posts" name="test_sitemap_includes_new_posts" time="0.212" /><testcase classname="tests.test_blog_seo_new_posts" name="test_collection_squat_proof_related_links" time="0.143" /><testcase classname="tests.test_blog_seo_new_posts" name="test_collection_high_waisted_related_links" time="0.162" /><testcase classname="tests.test_blog_seo_new_posts" name="test_human_gets_spa_shell_on_new_post" time="0.151" /></testsuite></testsuites>