<?xml version="1.0" encoding="utf-8"?><testsuites name="pytest tests"><testsuite name="pytest" errors="0" failures="0" skipped="0" tests="8" time="1.960" timestamp="2026-09-19T15:45:12.158608+00:00" hostname="agent-env-9d3d2114-8fe9-41cb-a499-8d1917a9d09a"><testcase classname="tests.test_blog_seo" name="test_blog_index_crawler" time="0.694" /><testcase classname="tests.test_blog_seo" name="test_article_squat_proof" time="0.135" /><testcase classname="tests.test_blog_seo" name="test_article_scrunch_seam_unique" time="0.126" /><testcase classname="tests.test_blog_seo" name="test_article_tummy_control_unique" time="0.120" /><testcase classname="tests.test_blog_seo" name="test_article_404" time="0.146" /><testcase classname="tests.test_blog_seo" name="test_sitemap_includes_blog" time="0.118" /><testcase classname="tests.test_blog_seo" name="test_human_gets_spa_shell" time="0.133" /><testcase classname="tests.test_blog_seo" name="test_collection_links_to_blog" time="0.142" /></testsuite></testsuites>