<?xml version="1.0" encoding="utf-8"?><testsuites name="pytest tests"><testsuite name="pytest" errors="0" failures="0" skipped="0" tests="9" time="2.155" timestamp="2026-09-06T21:35:08.653928+00:00" hostname="agent-env-9d3d2114-8fe9-41cb-a499-8d1917a9d09a"><testcase classname="tests.test_newsletter_and_cart.TestNewsletter" name="test_popup_returns_sculptiva15" time="0.325" /><testcase classname="tests.test_newsletter_and_cart.TestCartTracking" name="test_track_and_persist" time="0.322" /><testcase classname="tests.test_newsletter_and_cart.TestCartTracking" name="test_track_invalid_email_422" time="0.116" /><testcase classname="tests.test_newsletter_and_cart.TestNewsletter" name="test_footer_returns_sculptiva10" time="0.158" /><testcase classname="tests.test_newsletter_and_cart.TestCartTracking" name="test_converted_unknown_ok" time="0.157" /><testcase classname="tests.test_newsletter_and_cart.TestNewsletter" name="test_duplicate_returns_existing_code" time="0.285" /><testcase classname="tests.test_newsletter_and_cart.TestCartTracking" name="test_track_then_converted_flow" time="0.234" /><testcase classname="tests.test_newsletter_and_cart.TestNewsletter" name="test_invalid_email_422" time="0.118" /><testcase classname="tests.test_newsletter_and_cart.TestMongoPersistence" name="test_abandoned_cart_document_shape" time="0.401" /></testsuite></testsuites>