<?xml version="1.0" encoding="utf-8"?><testsuites name="pytest tests"><testsuite name="pytest" errors="0" failures="0" skipped="0" tests="31" time="4.429" timestamp="2026-08-31T17:44:20.830956+00:00" hostname="agent-env-9d3d2114-8fe9-41cb-a499-8d1917a9d09a"><testcase classname="tests.backend_test.TestCheckout" name="test_live_variant_returns_shopify_checkout_url" time="1.667" /><testcase classname="tests.backend_test.TestCatalog" name="test_eight_sculptiva_products" time="0.812" /><testcase classname="tests.backend_test.TestCatalog" name="test_no_aquapure_or_lumora" time="0.001" /><testcase classname="tests.backend_test.TestCatalog" name="test_all_source_shopify_and_cdn_images" time="0.000" /><testcase classname="tests.backend_test.TestCatalog" name="test_no_mongo_id_leak" time="0.000" /><testcase classname="tests.backend_test.TestCatalog" name="test_prices_and_categories" time="0.000" /><testcase classname="tests.backend_test.TestCatalog" name="test_colour_sets_four_images_each" time="0.000" /><testcase classname="tests.backend_test.TestCatalog" name="test_variants_have_gid_and_options" time="0.000" /><testcase classname="tests.backend_test.TestCatalog" name="test_band_bundle_one_size" time="0.000" /><testcase classname="tests.backend_test.TestCatalog" name="test_review_counts_present" time="0.000" /><testcase classname="tests.backend_test.TestCatalog" name="test_category_filter[leggings-3]" time="0.094" /><testcase classname="tests.backend_test.TestCatalog" name="test_category_filter[shorts-2]" time="0.083" /><testcase classname="tests.backend_test.TestCatalog" name="test_category_filter[bras-2]" time="0.122" /><testcase classname="tests.backend_test.TestCatalog" name="test_category_filter[accessories-1]" time="0.074" /><testcase classname="tests.backend_test.TestCatalog" name="test_featured_filter" time="0.083" /><testcase classname="tests.backend_test.TestTrackOrder" name="test_track_unknown_order" time="0.918" /><testcase classname="tests.backend_test.TestCheckout" name="test_multi_line_checkout" time="0.819" /><testcase classname="tests.backend_test.TestTrackOrder" name="test_track_hash_prefix_accepted" time="0.460" /><testcase classname="tests.backend_test.TestCheckout" name="test_null_variant_falls_back_to_sample" time="0.073" /><testcase classname="tests.backend_test.TestCheckout" name="test_bogus_variant_falls_back" time="0.521" /><testcase classname="tests.backend_test.TestTrackOrder" name="test_track_invalid_email_422" time="0.076" /><testcase classname="tests.backend_test.TestTrackOrder" name="test_track_empty_number_422" time="0.086" /><testcase classname="tests.backend_test.TestProductDetail" name="test_detail_and_related" time="0.087" /><testcase classname="tests.backend_test.TestProductDetail" name="test_unknown_handle_404" time="0.109" /><testcase classname="tests.backend_test.TestProductDetail" name="test_all_handles_resolve" time="0.675" /><testcase classname="tests.backend_test.TestCheckout" name="test_empty_items" time="0.070" /><testcase classname="tests.backend_test.TestMisc" name="test_newsletter_signup_and_idempotency" time="0.199" /><testcase classname="tests.backend_test.TestMisc" name="test_newsletter_invalid_email" time="0.078" /><testcase classname="tests.backend_test.TestMisc" name="test_contact_validation" time="0.071" /><testcase classname="tests.backend_test.TestMisc" name="test_reviews_by_handle" time="0.076" /><testcase classname="tests.backend_test.TestShopStatus" name="test_live_and_connected" time="0.358" /></testsuite></testsuites>