<?xml version="1.0" encoding="utf-8"?><testsuites name="pytest tests"><testsuite name="pytest" errors="0" failures="0" skipped="0" tests="8" time="11.480" timestamp="2026-08-31T16:13:22.059004+00:00" hostname="agent-env-9d3d2114-8fe9-41cb-a499-8d1917a9d09a"><testcase classname="tests.backend_test.TestCatalog" name="test_eight_products_and_handles" time="0.597" /><testcase classname="tests.backend_test.TestCatalog" name="test_merged_handle_removed" time="0.084" /><testcase classname="tests.backend_test.TestGalleryImages" name="test_all_colour_images_served" time="11.036" /><testcase classname="tests.backend_test.TestCatalog" name="test_no_mongo_object_id_leak" time="0.000" /><testcase classname="tests.backend_test.TestCatalog" name="test_colour_sets" time="0.000" /><testcase classname="tests.backend_test.TestCatalog" name="test_sculptflex_keeps_videos" time="0.000" /><testcase classname="tests.backend_test.TestCatalog" name="test_band_bundle_one_size_tone_colours" time="0.000" /><testcase classname="tests.backend_test.TestGalleryImages" name="test_product_detail_endpoint" time="0.105" /></testsuite></testsuites>