<?xml version="1.0" encoding="utf-8"?><testsuites name="pytest tests"><testsuite name="pytest" errors="0" failures="0" skipped="0" tests="8" time="1.634" timestamp="2026-09-19T12:41:31.350688+00:00" hostname="agent-env-9d3d2114-8fe9-41cb-a499-8d1917a9d09a"><testcase classname="tests.test_seo_dynamic_rendering.TestCrawlerCollection" name="test_leggings_collection" time="0.667" /><testcase classname="tests.test_seo_dynamic_rendering.TestCrawlerHomepage" name="test_home_returns_rendered_html" time="0.662" /><testcase classname="tests.test_seo_dynamic_rendering.TestCrawlerProduct" name="test_sculpt_shorts_product" time="0.164" /><testcase classname="tests.test_seo_dynamic_rendering.TestUniqueness" name="test_home_collection_product_distinct" time="0.393" /><testcase classname="tests.test_seo_dynamic_rendering.TestRobots" name="test_robots_txt" time="0.160" /><testcase classname="tests.test_seo_dynamic_rendering.TestNotFound" name="test_nonexistent_product_returns_404" time="0.127" /><testcase classname="tests.test_seo_dynamic_rendering.TestSitemap" name="test_sitemap_xml" time="0.113" /><testcase classname="tests.test_seo_dynamic_rendering.TestHumanUntouched" name="test_human_gets_spa_shell" time="0.128" /></testsuite></testsuites>